\BOOKMARK [0][-]{chapter.1}{\376\377\0001\000\040\000A\000n\000\040\000i\000n\000t\000r\000o\000d\000u\000c\000t\000i\000o\000n\000\040\000t\000o\000\040\000t\000h\000e\000\040\000M\000O\000r\000e\000p\000o\000\040\000c\000o\000n\000v\000e\000r\000t\000e\000r}{}% 1
\BOOKMARK [1][-]{section.1.1}{\376\377\0001\000.\0001\000\040\000L\000i\000c\000e\000n\000s\000e}{chapter.1}% 2
\BOOKMARK [1][-]{section.1.2}{\376\377\0001\000.\0002\000\040\000D\000e\000s\000c\000r\000i\000p\000t\000i\000o\000n}{chapter.1}% 3
\BOOKMARK [1][-]{section.1.3}{\376\377\0001\000.\0003\000\040\000C\000o\000m\000p\000i\000l\000i\000n\000g}{chapter.1}% 4
\BOOKMARK [1][-]{section.1.4}{\376\377\0001\000.\0004\000\040\000E\000x\000a\000m\000p\000l\000e\000\040\000o\000f\000\040\000u\000s\000a\000g\000e}{chapter.1}% 5
\BOOKMARK [0][-]{chapter.2}{\376\377\0002\000\040\000D\000a\000t\000a\000\040\000S\000t\000r\000u\000c\000t\000u\000r\000e\000\040\000I\000n\000d\000e\000x}{}% 6
\BOOKMARK [1][-]{section.2.1}{\376\377\0002\000.\0001\000\040\000D\000a\000t\000a\000\040\000S\000t\000r\000u\000c\000t\000u\000r\000e\000s}{chapter.2}% 7
\BOOKMARK [0][-]{chapter.3}{\376\377\0003\000\040\000D\000a\000t\000a\000\040\000S\000t\000r\000u\000c\000t\000u\000r\000e\000\040\000D\000o\000c\000u\000m\000e\000n\000t\000a\000t\000i\000o\000n}{}% 8
\BOOKMARK [1][-]{section.3.1}{\376\377\0003\000.\0001\000\040\000c\000o\000n\000v\000e\000r\000t\000e\000r\000\040\000C\000l\000a\000s\000s\000\040\000R\000e\000f\000e\000r\000e\000n\000c\000e}{chapter.3}% 9
\BOOKMARK [2][-]{subsection.3.1.1}{\376\377\0003\000.\0001\000.\0001\000\040\000M\000e\000m\000b\000e\000r\000\040\000F\000u\000n\000c\000t\000i\000o\000n\000\040\000D\000o\000c\000u\000m\000e\000n\000t\000a\000t\000i\000o\000n}{section.3.1}% 10
\BOOKMARK [3][-]{subsubsection.3.1.1.1}{\376\377\0003\000.\0001\000.\0001\000.\0001\000\040\000c\000r\000e\000a\000t\000e\000R\000e\000s\000u\000l\000t\000s\000F\000i\000l\000e\000\050\000\051}{subsection.3.1.1}% 11
\BOOKMARK [3][-]{subsubsection.3.1.1.2}{\376\377\0003\000.\0001\000.\0001\000.\0002\000\040\000s\000e\000t\000C\000a\000r\000d\000i\000n\000a\000l\000i\000t\000y\000\050\000\051}{subsection.3.1.1}% 12
\BOOKMARK [3][-]{subsubsection.3.1.1.3}{\376\377\0003\000.\0001\000.\0001\000.\0003\000\040\000s\000e\000t\000C\000o\000m\000m\000e\000n\000t\000s\000\050\000\051}{subsection.3.1.1}% 13
\BOOKMARK [3][-]{subsubsection.3.1.1.4}{\376\377\0003\000.\0001\000.\0001\000.\0004\000\040\000s\000e\000t\000C\000o\000n\000t\000r\000i\000b\000u\000t\000i\000o\000n\000N\000a\000m\000e\000\050\000\051}{subsection.3.1.1}% 14
\BOOKMARK [3][-]{subsubsection.3.1.1.5}{\376\377\0003\000.\0001\000.\0001\000.\0005\000\040\000s\000e\000t\000C\000P\000U\000\050\000\051}{subsection.3.1.1}% 15
\BOOKMARK [3][-]{subsubsection.3.1.1.6}{\376\377\0003\000.\0001\000.\0001\000.\0006\000\040\000s\000e\000t\000D\000i\000r\000e\000c\000t\000i\000o\000n\000s\000\050\000\051}{subsection.3.1.1}% 16
\BOOKMARK [3][-]{subsubsection.3.1.1.7}{\376\377\0003\000.\0001\000.\0001\000.\0007\000\040\000s\000e\000t\000E\000x\000t\000r\000e\000m\000e\000C\000a\000r\000d\000i\000n\000a\000l\000i\000t\000y\000\050\000\051}{subsection.3.1.1}% 17
\BOOKMARK [3][-]{subsubsection.3.1.1.8}{\376\377\0003\000.\0001\000.\0001\000.\0008\000\040\000s\000e\000t\000I\000n\000s\000t\000a\000n\000c\000e\000N\000a\000m\000e\000\050\000\051}{subsection.3.1.1}% 18
\BOOKMARK [3][-]{subsubsection.3.1.1.9}{\376\377\0003\000.\0001\000.\0001\000.\0009\000\040\000s\000e\000t\000M\000i\000s\000c\000\050\000\051}{subsection.3.1.1}% 19
\BOOKMARK [3][-]{subsubsection.3.1.1.10}{\376\377\0003\000.\0001\000.\0001\000.\0001\0000\000\040\000s\000e\000t\000O\000b\000j\000e\000c\000t\000i\000v\000e\000s\000\050\000\051}{subsection.3.1.1}% 20
\BOOKMARK [3][-]{subsubsection.3.1.1.11}{\376\377\0003\000.\0001\000.\0001\000.\0001\0001\000\040\000s\000e\000t\000O\000b\000j\000e\000c\000t\000i\000v\000e\000T\000y\000p\000e\000s\000\050\000\051}{subsection.3.1.1}% 21
\BOOKMARK [3][-]{subsubsection.3.1.1.12}{\376\377\0003\000.\0001\000.\0001\000.\0001\0002\000\040\000s\000e\000t\000O\000p\000t\000i\000m\000a\000l\000\050\000\051}{subsection.3.1.1}% 22
\BOOKMARK [3][-]{subsubsection.3.1.1.13}{\376\377\0003\000.\0001\000.\0001\000.\0001\0003\000\040\000s\000e\000t\000P\000o\000i\000n\000t\000s\000\050\000\051}{subsection.3.1.1}% 23
\BOOKMARK [3][-]{subsubsection.3.1.1.14}{\376\377\0003\000.\0001\000.\0001\000.\0001\0004\000\040\000s\000e\000t\000S\000u\000p\000p\000o\000r\000t\000e\000d\000C\000a\000r\000d\000i\000n\000a\000l\000i\000t\000y\000\050\000\051}{subsection.3.1.1}% 24
\BOOKMARK [3][-]{subsubsection.3.1.1.15}{\376\377\0003\000.\0001\000.\0001\000.\0001\0005\000\040\000s\000e\000t\000V\000a\000l\000i\000d\000i\000t\000y\000\050\000\051}{subsection.3.1.1}% 25
\BOOKMARK [3][-]{subsubsection.3.1.1.16}{\376\377\0003\000.\0001\000.\0001\000.\0001\0006\000\040\000s\000e\000t\000V\000e\000r\000s\000i\000o\000n\000\050\000\051}{subsection.3.1.1}% 26
